<?xml version="1.0" encoding="UTF-8"?>
<!-- Generated by org.testng.reporters.JUnitReportReporter -->
<testsuite skipped="0" hostname="Shaveta-PC" name="SimpleMavenTestNGClass" tests="1" failures="0" timestamp="23 Nov 2018 19:32:43 GMT" time="0.016" errors="0">
  <testcase name="mTestCase" time="0.016" classname="SimpleMavenTestNGClass"/>
</testsuite> <!-- SimpleMavenTestNGClass -->
