<?xml version="1.0" encoding="UTF-8"?>
<!-- Generated by org.testng.reporters.JUnitReportReporter -->
<testsuite skipped="0" hostname="Shaveta-PC" name="SimpleMavenTestNGClass" tests="1" failures="0" timestamp="23 Nov 2018 19:41:00 GMT" time="29.611" errors="0">
  <testcase name="mTestCase" time="29.611" classname="SimpleMavenTestNGClass"/>
</testsuite> <!-- SimpleMavenTestNGClass -->
